<?xml version="1.0" encoding="UTF-8"?>
<robot generator="Robot 4.1.3 (Python 3.7.5 on win32)" generated="20220204 11:43:52.688" rpa="false" schemaversion="2">
<suite id="s1" name="Robot Interactive Console" source="c:\Users\bruno\.vscode\extensions\robocorp.robotframework-lsp-0.38.1\src\robotframework_ls\vendored\robotframework_interactive\robot_interactive_console.robot">
<test id="s1-t1" name="Default Task/Test">
<kw name="Interpreter Main Loop" library="MainLoop">
<kw name="Open robot order website">
<msg timestamp="20220204 11:43:53.510" level="FAIL">No keyword with name 'Open robot order website' found.</msg>
<status status="FAIL" starttime="20220204 11:43:53.509" endtime="20220204 11:43:53.510"/>
</kw>
<kw name="Get orders">
<var>${orders}=</var>
<status status="NOT RUN" starttime="20220204 11:43:53.512" endtime="20220204 11:43:53.512"/>
</kw>
<for flavor="IN">
<var>${row}</var>
<value>@{orders}</value>
<iter>
<var name="${row}">${row}</var>
<kw name="Fill and submit the form for one robot">
<arg>${row}</arg>
<status status="NOT RUN" starttime="20220204 11:43:53.515" endtime="20220204 11:43:53.515"/>
</kw>
<status status="NOT RUN" starttime="20220204 11:43:53.512" endtime="20220204 11:43:53.515"/>
</iter>
<status status="NOT RUN" starttime="20220204 11:43:53.512" endtime="20220204 11:43:53.515"/>
</for>
<status status="PASS" starttime="20220204 11:43:52.727" endtime="20220204 11:43:58.864"/>
</kw>
<status status="PASS" starttime="20220204 11:43:52.726" endtime="20220204 11:43:58.864"/>
</test>
<status status="PASS" starttime="20220204 11:43:52.689" endtime="20220204 11:43:58.865"/>
</suite>
<statistics>
<total>
<stat pass="1" fail="0" skip="0">All Tests</stat>
</total>
<tag>
</tag>
<suite>
<stat pass="1" fail="0" skip="0" id="s1" name="Robot Interactive Console">Robot Interactive Console</stat>
</suite>
</statistics>
<errors>
</errors>
</robot>
